2026-03-01 12:15:55 - SERVER -> CLIENT: 220 smtp.gmail.com ESMTP 6a1803df08f44-899c716caebsm84777506d6.15 - gsmtp

2026-03-01 12:15:55 - CLIENT -> SERVER: EHLO localhost

2026-03-01 12:15:55 - SERVER -> CLIENT: 250-smtp.gmail.com at your service, [146.70.147.100]
250-SIZE 35882577
250-8BITMIME
250-STARTTLS
250-ENHANCEDSTATUSCODES
250-PIPELINING
250-CHUNKING
250 SMTPUTF8

2026-03-01 12:15:55 - CLIENT -> SERVER: STARTTLS

2026-03-01 12:15:55 - SERVER -> CLIENT: 220 2.0.0 Ready to start TLS

2026-03-01 12:15:55 - CLIENT -> SERVER: EHLO localhost

2026-03-01 12:15:56 - SERVER -> CLIENT: 250-smtp.gmail.com at your service, [146.70.147.100]
250-SIZE 35882577
250-8BITMIME
250-AUTH LOGIN PLAIN XOAUTH2 PLAIN-CLIENTTOKEN OAUTHBEARER XOAUTH
250-ENHANCEDSTATUSCODES
250-PIPELINING
250-CHUNKING
250 SMTPUTF8

2026-03-01 12:15:56 - CLIENT -> SERVER: AUTH LOGIN

2026-03-01 12:15:56 - SERVER -> CLIENT: 334 VXNlcm5hbWU6

2026-03-01 12:15:56 - CLIENT -> SERVER: [credentials hidden]
2026-03-01 12:15:56 - SERVER -> CLIENT: 334 UGFzc3dvcmQ6

2026-03-01 12:15:56 - CLIENT -> SERVER: [credentials hidden]
2026-03-01 12:15:56 - SERVER -> CLIENT: 535-5.7.8 Username and Password not accepted. For more information, go to
535 5.7.8  https://support.google.com/mail/?p=BadCredentials 6a1803df08f44-899c716caebsm84777506d6.15 - gsmtp

2026-03-01 12:15:56 - SMTP ERROR: Password command failed: 535-5.7.8 Username and Password not accepted. For more information, go to
535 5.7.8  https://support.google.com/mail/?p=BadCredentials 6a1803df08f44-899c716caebsm84777506d6.15 - gsmtp

2026-03-01 12:15:56 - SMTP Error: Could not authenticate.
2026-03-01 12:15:56 - CLIENT -> SERVER: QUIT

2026-03-01 12:15:57 - SERVER -> CLIENT: 221 2.0.0 closing connection 6a1803df08f44-899c716caebsm84777506d6.15 - gsmtp

2026-03-01 12:15:57 - SMTP Error: Could not authenticate.
