[2026-06-10 12:26:35] 🤖 Bot iniciado en modo continuo
[2026-06-10 12:26:35] ✅ Escuchando mensajes en @piccavzlabot
[2026-06-10 12:26:35] 💡 Log: C:\laragon\www\proyecto\telegram/bot.log
[2026-06-10 12:26:36] 📩 Jose: hola necesito saber si venden at8n
[2026-06-10 12:26:37] ✅ Respuesta enviada a Jose
[2026-06-10 12:26:37] 📩 Jose: hola venden autonics
[2026-06-10 12:26:38] ✅ Respuesta enviada a Jose
[2026-06-10 12:26:38] 📩 Jose: necesito su catalogo
[2026-06-10 12:26:39] ✅ Respuesta enviada a Jose
[2026-06-10 12:26:39] 📩 Jose: hola quiero consultar el precio de un producto
[2026-06-10 12:26:40] ✅ Respuesta enviada a Jose
[2026-06-10 12:26:40] 📩 Jose: hola necito saber el precio de un producto
[2026-06-10 12:26:41] ✅ Respuesta enviada a Jose
[2026-06-10 12:26:41] 📩 Jose: precio
[2026-06-10 12:26:41] ✅ Respuesta enviada a Jose
[2026-06-10 12:26:41] 📩 Jose: catalogo
[2026-06-10 12:26:42] ✅ Respuesta enviada a Jose
[2026-06-10 12:26:42] 📩 Jose: pasame el pdf del catalogo
[2026-06-10 12:26:43] ✅ Respuesta enviada a Jose
[2026-06-10 12:26:43] 📩 Jose: hola necito saber el precio de un producto
[2026-06-10 12:26:44] ✅ Respuesta enviada a Jose
[2026-06-10 12:27:41] 📩 Jose: ¿me pasarias el catalogo por pdf?
[2026-06-10 12:27:42] ✅ Respuesta enviada a Jose
[2026-06-10 12:34:49] 🤖 Bot iniciado en modo continuo
[2026-06-10 12:34:49] ✅ Escuchando mensajes en @piccavzlabot
[2026-06-10 12:34:49] 💡 Log: C:\laragon\www\proyecto\telegram/bot.log
[2026-06-10 12:47:00] Error de conexión: Recv failure: Connection was reset
[2026-06-10 12:47:25] Error de conexión: Recv failure: Connection was reset
[2026-06-10 12:47:27] Error de conexión: Could not resolve host: api.telegram.org
[2026-06-10 12:47:29] Error de conexión: Could not resolve host: api.telegram.org
[2026-06-10 12:48:38] 🤖 Bot iniciado en modo continuo
[2026-06-10 12:48:38] ✅ Escuchando mensajes en @piccavzlabot
[2026-06-10 12:48:38] 💡 Log: C:\laragon\www\proyecto\telegram/bot.log
[2026-06-10 12:48:38] HTTP 409
[2026-06-10 12:48:44] HTTP 409
[2026-06-10 12:48:50] HTTP 409
[2026-06-10 12:48:55] HTTP 409
[2026-06-10 12:49:01] HTTP 409
[2026-06-10 12:49:06] HTTP 409
[2026-06-10 12:49:12] HTTP 409
[2026-06-10 12:49:17] HTTP 409
[2026-06-10 12:49:23] HTTP 409
[2026-06-10 12:49:28] HTTP 409
[2026-06-10 12:49:33] 🤖 Bot iniciado en modo continuo
[2026-06-10 12:49:33] ✅ Escuchando mensajes en @piccavzlabot
[2026-06-10 12:49:33] 💡 Log: C:\laragon\www\proyecto\telegram/bot.log
[2026-06-10 12:51:17] 📩 Jose: hola  ¿me puedes pasar un pdf con el catalogo?
[2026-06-10 12:51:18] ✅ Respuesta enviada a Jose
[2026-06-10 12:51:45] 📩 Jose: necesito el pdf
[2026-06-10 12:51:46] ✅ Respuesta enviada a Jose
[2026-06-10 12:51:55] 📩 Jose: pdf
[2026-06-10 12:51:56] ✅ Respuesta enviada a Jose
[2026-06-10 12:52:04] 📩 Jose: catalogo
[2026-06-10 12:52:05] ✅ Respuesta enviada a Jose
[2026-06-10 12:52:09] 📩 Jose: 1
[2026-06-10 12:52:11] ✅ Respuesta enviada a Jose
[2026-06-10 12:57:32] 📩 Jose: precio de at8n
[2026-06-10 12:57:33] ✅ Respuesta enviada a Jose
[2026-06-10 12:59:46] 🤖 Bot iniciado en modo continuo
[2026-06-10 12:59:46] ✅ Escuchando mensajes en @piccavzlabot
[2026-06-10 12:59:46] 💡 Log: C:\laragon\www\proyecto\telegram/bot.log
[2026-06-10 13:04:52] 🤖 Bot iniciado en modo continuo
[2026-06-10 13:04:52] ✅ Escuchando mensajes en @piccavzlabot
[2026-06-10 13:04:52] 💡 Log: C:\laragon\www\proyecto\telegram/bot.log
[2026-06-10 13:06:46] 📩 Jose: venden autonics
[2026-06-10 13:06:47] ✅ Respuesta enviada a Jose
[2026-06-10 13:07:32] 📩 Jose: me podrias mandar el catalogo por pdf
[2026-06-10 13:07:34] ✅ Respuesta enviada a Jose
[2026-06-10 13:07:54] 📩 Jose: ahora necesito el precio del at8n
[2026-06-10 13:07:55] ✅ Respuesta enviada a Jose
[2026-06-10 13:10:21] 📩 Jose: gracias ahora que tienes que sea uni-t
[2026-06-10 13:10:23] ✅ Respuesta enviada a Jose
[2026-06-10 13:16:08] 🤖 Bot iniciado en modo continuo
[2026-06-10 13:16:08] ✅ Escuchando mensajes en @piccavzlabot
[2026-06-10 13:16:08] 💡 Log: C:\laragon\www\proyecto\telegram/bot.log
[2026-06-10 13:17:29] 📩 Jose: que tienes que sea un-t
[2026-06-10 13:17:30] ✅ Respuesta enviada a Jose
[2026-06-10 13:17:51] 📩 Jose: accesorios
[2026-06-10 13:17:52] ✅ Respuesta enviada a Jose
[2026-06-10 13:18:09] 📩 Jose: en unit que tienes
[2026-06-10 13:18:10] ✅ Respuesta enviada a Jose
[2026-06-10 13:30:13] 📩 Jose: me puedes dar el precio del sensor
[2026-06-10 13:30:14] ✅ Respuesta enviada a Jose
[2026-06-10 13:31:12] 📩 Jose: me puedes dar el precio del sensor
[2026-06-10 13:31:13] ✅ Respuesta enviada a Jose
[2026-06-10 13:31:28] 📩 Jose: precio at8n
[2026-06-10 13:31:29] ✅ Respuesta enviada a Jose
[2026-06-10 13:32:02] 📩 Jose: venden autonics
[2026-06-10 13:32:03] ✅ Respuesta enviada a Jose
[2026-06-10 13:33:36] 📩 Jose: venden siemens
[2026-06-10 13:33:37] ✅ Respuesta enviada a Jose
[2026-06-10 13:34:46] 📩 Jose: gracias
[2026-06-10 13:34:47] ✅ Respuesta enviada a Jose
[2026-06-10 13:34:52] 📩 Jose: ok
[2026-06-10 13:34:53] ✅ Respuesta enviada a Jose
[2026-06-10 13:40:43] 📩 Jose: venden siemens
[2026-06-10 13:40:44] ✅ Respuesta enviada a Jose
[2026-06-10 13:41:04] 📩 Jose: venden scheneider
[2026-06-10 13:41:05] ✅ Respuesta enviada a Jose
[2026-06-10 13:41:32] 📩 Jose: y unit
[2026-06-10 13:41:32] ✅ Respuesta enviada a Jose
[2026-06-10 13:41:47] 📩 Jose: mitsubishi
[2026-06-10 13:41:47] ✅ Respuesta enviada a Jose
[2026-06-10 13:42:00] 📩 Jose: siemens
[2026-06-10 13:42:01] ✅ Respuesta enviada a Jose
[2026-06-10 13:42:20] 📩 Jose: nnecesito Siemens
[2026-06-10 13:42:21] ✅ Respuesta enviada a Jose
[2026-06-10 13:45:57] 📩 Jose: y tiene omron
[2026-06-10 13:45:58] ✅ Respuesta enviada a Jose
[2026-06-10 13:46:05] 📩 Jose: onrom
[2026-06-10 13:46:06] ✅ Respuesta enviada a Jose
[2026-06-10 13:47:29] 📩 Jose: y venden siemens
[2026-06-10 13:47:30] ✅ Respuesta enviada a Jose
[2026-06-10 13:47:40] 📩 Jose: scheneider
[2026-06-10 13:47:40] ✅ Respuesta enviada a Jose
[2026-06-10 13:54:07] 📩 Jose: venden siemens
[2026-06-10 13:54:08] ✅ Respuesta enviada a Jose
[2026-06-10 13:54:35] 📩 Jose: venden Siemens.
[2026-06-10 13:54:36] ✅ Respuesta enviada a Jose
[2026-06-10 13:55:24] 📩 Jose: venden omron
[2026-06-10 13:55:24] ✅ Respuesta enviada a Jose
[2026-06-10 13:56:36] 📩 Jose: /start
[2026-06-10 13:56:37] ✅ Respuesta enviada a Jose
[2026-06-10 13:56:47] 📩 Jose: venden siemens
[2026-06-10 13:56:48] ✅ Respuesta enviada a Jose
[2026-06-10 14:17:18] Bot iniciado en modo continuo
[2026-06-10 14:17:18] Escuchando mensajes en @piccavzlabot
[2026-06-10 14:17:18] Log: C:\laragon\www\proyecto\telegram/bot.log
[2026-06-10 14:17:19] Jose: venden siemens
[2026-06-10 14:17:20] Respuesta enviada a Jose
[2026-06-10 14:17:20] Jose: hola
[2026-06-10 14:17:20] Respuesta enviada a Jose
[2026-06-10 14:17:20] Jose: venden siemens
[2026-06-10 14:17:21] Respuesta enviada a Jose
[2026-06-10 14:17:21] Jose: hola
[2026-06-10 14:17:22] Respuesta enviada a Jose
[2026-06-10 14:17:42] Jose: y tienen omron
[2026-06-10 14:17:43] Respuesta enviada a Jose
[2026-06-10 14:17:53] Jose: autonics
[2026-06-10 14:18:21] Jose: omron
[2026-06-10 14:18:22] Respuesta enviada a Jose
[2026-06-10 14:18:35] Jose: tienes el catalogo
[2026-06-10 14:18:36] Respuesta enviada a Jose
[2026-06-10 14:19:01] Jose: problema con el pedido
[2026-06-10 14:19:01] Respuesta enviada a Jose
[2026-06-10 14:19:09] Jose: 123456
[2026-06-10 14:19:09] Respuesta enviada a Jose
[2026-06-10 14:19:26] Jose: venden unit
[2026-06-10 14:20:09] Jose: me das el precio del termometro infrarrojo
[2026-06-10 14:28:09] Jose: me puedes pasar el catalogo
[2026-06-10 14:28:09] Respuesta enviada a Jose
[2026-06-10 14:28:23] Jose: catalogo
[2026-06-10 14:28:24] Respuesta enviada a Jose
[2026-06-10 14:29:48] Bot iniciado en modo continuo
[2026-06-10 14:29:48] Escuchando mensajes en @piccavzlabot
[2026-06-10 14:29:48] Log: C:\laragon\www\proyecto\telegram/bot.log
[2026-06-10 14:30:08] Jose: catalogo
[2026-06-10 14:30:47] Jose: venden autonics
[2026-06-10 14:31:06] Jose: me das el precio del at8n
[2026-06-10 14:31:25] Jose: que mas venden
[2026-06-10 14:31:26] Respuesta enviada a Jose
[2026-06-10 14:31:44] Jose: siemens
[2026-06-10 14:31:45] Respuesta enviada a Jose
[2026-06-10 14:31:59] Jose: sensor m8
[2026-06-10 14:38:33] Jose: gracias
[2026-06-10 14:38:34] Respuesta enviada a Jose
[2026-06-10 14:38:51] Jose: me volverias a pasar el catalogo
[2026-06-11 11:38:36] Bot iniciado en modo continuo
[2026-06-11 11:38:36] Escuchando mensajes en @piccavzlabot
[2026-06-11 11:38:36] Log: C:\laragon\www\proyecto\telegram/bot.log
[2026-06-11 11:38:37] Jose: /start
[2026-06-11 11:38:38] Respuesta enviada a Jose
[2026-06-11 11:38:49] Jose: hola
[2026-06-11 11:38:50] Respuesta enviada a Jose
[2026-06-11 11:38:58] Jose: /start
[2026-06-11 11:38:59] Respuesta enviada a Jose
[2026-06-11 11:54:53] Jose: hola
[2026-06-11 11:54:54] Respuesta enviada a Jose
[2026-06-11 11:55:20] Jose: que productos venden
[2026-06-11 11:55:20] Respuesta enviada a Jose
[2026-06-11 11:56:31] Jose: con cuales marcas trabajan
[2026-06-11 11:56:32] Respuesta enviada a Jose
[2026-06-11 11:58:00] Jose: donde se encuentran ubicados
[2026-06-11 11:58:01] Respuesta enviada a Jose
[2026-06-11 11:58:37] Jose: tiene el catalogo
[2026-06-11 11:59:09] Jose: que marcas venden
[2026-06-11 11:59:10] Respuesta enviada a Jose
[2026-06-11 12:11:29] Jose: hola que productos venden
[2026-06-11 12:11:30] Respuesta enviada a Jose
[2026-06-11 12:11:38] Jose: hola
[2026-06-11 12:11:39] Respuesta enviada a Jose
[2026-06-11 12:11:58] Jose: cuales productos venden
[2026-06-11 12:11:59] Respuesta enviada a Jose
[2026-06-11 12:25:38] Jose: dame las especificaciones del at8n
[2026-06-11 12:26:03] Jose: que productos venden
[2026-06-11 12:26:04] Respuesta enviada a Jose
[2026-06-11 12:26:38] Jose: cual es el precio del at8n
[2026-06-11 12:28:29] Jose: con cuales marcas trabajan
[2026-06-11 12:28:30] Respuesta enviada a Jose
[2026-06-11 12:29:10] Jose: que marcas tienen
[2026-06-11 12:29:11] Respuesta enviada a Jose
[2026-06-11 12:29:46] Jose: que tienen disponible
[2026-06-11 12:29:47] Respuesta enviada a Jose
[2026-06-11 12:30:27] Jose: donde estan ubicados
[2026-06-11 12:30:27] Respuesta enviada a Jose
[2026-06-11 12:30:56] Jose: tienen el catalogo
[2026-06-11 12:31:14] Jose: cual es su horario
[2026-06-11 12:31:14] Respuesta enviada a Jose
[2026-06-11 12:31:36] Jose: hacen envios
[2026-06-11 12:31:37] Respuesta enviada a Jose
[2026-06-11 12:32:15] Jose: que tienen disponible
[2026-06-11 12:32:15] Respuesta enviada a Jose
[2026-06-11 12:32:50] Jose: tienen sitio web
[2026-06-11 12:32:51] Respuesta enviada a Jose
[2026-06-11 12:35:35] Jose: tienen tienda fisica
[2026-06-11 12:35:36] Respuesta enviada a Jose
[2026-06-11 13:11:08] Jose: hola con cuales marcas trabajan
[2026-06-11 13:11:09] Respuesta enviada a Jose
[2026-06-11 13:12:05] Jose: hola que productos venden
[2026-06-11 13:12:07] Respuesta enviada a Jose
[2026-06-11 13:22:43] Jose: que productos venden
[2026-06-11 13:22:44] Respuesta enviada a Jose
[2026-06-11 13:23:05] Jose: que tienen
[2026-06-11 13:23:06] Respuesta enviada a Jose
[2026-06-11 13:23:43] Jose: que manejan
[2026-06-11 13:23:44] Respuesta enviada a Jose
[2026-06-11 13:26:00] Bot iniciado en modo continuo
[2026-06-11 13:26:00] Escuchando mensajes en @piccavzlabot
[2026-06-11 13:26:00] Log: C:\laragon\www\proyecto\telegram/bot.log
[2026-06-11 13:32:50] Jose: que venden
[2026-06-11 13:32:51] Respuesta enviada a Jose
[2026-06-11 13:32:51] Jose: que manejan
[2026-06-11 13:32:52] Respuesta enviada a Jose
[2026-06-11 13:32:52] Jose: hola
[2026-06-11 13:32:53] Respuesta enviada a Jose
[2026-06-11 13:32:53] Jose: hola
[2026-06-11 13:32:54] Respuesta enviada a Jose
[2026-06-11 13:32:54] Jose: tienen el catalogo
[2026-06-11 13:33:22] Jose: hola con que marcas trabajan
[2026-06-11 13:33:23] Respuesta enviada a Jose
[2026-06-11 13:34:06] Jose: me darian detalles del at8n
[2026-06-11 13:34:20] Jose: venden scheneider
[2026-06-11 13:34:47] Jose: venden botoneras
[2026-06-11 13:35:02] Jose: hasta que hora trabajan
[2026-06-11 13:35:03] Respuesta enviada a Jose
[2026-06-11 13:35:14] Jose: hacen envios
[2026-06-11 13:35:15] Respuesta enviada a Jose
[2026-06-11 13:35:32] Jose: donde se encuentran ubicados
[2026-06-11 13:35:33] Respuesta enviada a Jose
[2026-06-11 13:36:27] Jose: me podrias dar detalles del at8n
[2026-06-11 13:36:44] Jose: necesito mas detalles
[2026-06-11 13:36:45] Respuesta enviada a Jose
[2026-06-11 13:36:59] Jose: marcas
[2026-06-11 13:37:00] Respuesta enviada a Jose
[2026-06-11 13:37:55] Jose: con cuales marcas trabajan
[2026-06-11 13:37:56] Respuesta enviada a Jose
[2026-06-11 13:38:11] Jose: scheneider
[2026-06-11 13:38:34] Jose: gracias
[2026-06-11 13:38:35] Respuesta enviada a Jose
[2026-06-11 13:39:05] Jose: tienen correo electronico
[2026-06-11 13:39:06] Respuesta enviada a Jose
[2026-06-11 13:39:25] Jose: cuales son sus metodos de pago
[2026-06-11 13:39:26] Respuesta enviada a Jose
[2026-06-12 12:30:45] Bot iniciado en modo continuo
[2026-06-12 12:30:45] Escuchando mensajes en @piccavzlabot
[2026-06-12 12:30:46] Jose: hola necesito el precio del at8n
[2026-06-12 12:30:47] Respuesta enviada a Jose
[2026-06-12 12:30:47] Jose: hola
[2026-06-12 12:30:49] Respuesta enviada a Jose
[2026-06-12 12:31:14] Jose: hola
[2026-06-12 12:31:15] Respuesta enviada a Jose
[2026-06-12 12:31:31] Jose: necesito detalles del at8n
[2026-06-12 12:31:33] Respuesta enviada a Jose
[2026-06-12 12:32:09] Jose: me dirias cuales son los productos autonics que venden
[2026-06-12 12:32:30] Callback: Jose -> categoria_Sensores
[2026-06-12 12:32:42] Callback: Jose -> categoria_Sensores
[2026-06-12 12:32:55] Callback: Jose -> ver_categorias
[2026-06-12 12:32:59] Callback: Jose -> carrito_ver
[2026-06-12 12:33:03] Callback: Jose -> ver_categorias
[2026-06-12 12:34:02] Callback: Jose -> categoria_Variadores
[2026-06-12 12:34:26] Jose: quiero detalles de esos productos
[2026-06-12 12:34:33] Callback: Jose -> categoria_Botoneras
[2026-06-12 12:34:40] Callback: Jose -> carrito_ver
[2026-06-12 12:38:44] Jose: con cuales marcas trabajan
[2026-06-12 12:38:46] Respuesta enviada a Jose
[2026-06-12 12:39:06] Jose: que venden de la marca uni-t
[2026-06-12 12:39:08] Respuesta enviada a Jose
[2026-06-12 12:39:30] Jose: busco termometro
[2026-06-12 12:45:49] Bot iniciado en modo continuo
[2026-06-12 12:45:49] Escuchando mensajes en @piccavzlabot
[2026-06-12 12:45:50] Jose: que productos autonics venden
[2026-06-12 12:45:52] Respuesta enviada a Jose
[2026-06-12 12:46:52] Jose: que productos autonics venden
[2026-06-12 12:46:53] Respuesta enviada a Jose
[2026-06-12 12:47:07] Jose: contactores
[2026-06-12 12:47:14] Callback: Jose -> ver_categorias
[2026-06-12 12:47:18] Callback: Jose -> categoria_Rel%C3%A9s
[2026-06-12 12:47:28] Callback: Jose -> categoria_Rel%C3%A9s
[2026-06-12 12:47:36] Callback: Jose -> buscar_producto
[2026-06-12 12:47:56] Jose: at8n
[2026-06-12 12:48:04] Jose: no
[2026-06-12 12:48:16] Jose: no
[2026-06-12 12:50:45] Bot iniciado en modo continuo
[2026-06-12 12:50:45] Escuchando mensajes en @piccavzlabot
[2026-06-12 12:51:22] Jose: que productos uni-t venden
[2026-06-12 12:51:40] Jose: que productos autonics venden
[2026-06-12 12:51:42] Respuesta enviada a Jose
[2026-06-12 12:52:01] Jose: que productos autonics venden
[2026-06-12 12:52:03] Respuesta enviada a Jose
[2026-06-12 12:52:31] Jose: quiero ver todo
[2026-06-12 12:52:38] Callback: Jose -> ver_categorias
[2026-06-12 12:52:42] Callback: Jose -> categoria_Sensores
[2026-06-12 12:52:57] Callback: Jose -> categoria_Sensores
[2026-06-13 15:03:32] Bot iniciado en modo continuo
[2026-06-13 15:03:32] Escuchando mensajes en @piccavzlabot
[2026-06-13 15:34:22] Jose: hola tienes cables
[2026-06-13 15:34:23] Respuesta enviada a Jose
[2026-06-13 15:34:37] Jose: cable
[2026-06-13 15:34:42] Callback: Jose -> ver_categorias
[2026-06-13 15:34:46] Callback: Jose -> categoria_Herramientas
[2026-06-13 15:34:55] Callback: Jose -> carrito_ver
[2026-06-13 15:34:59] Callback: Jose -> ver_categorias
[2026-06-13 15:35:02] Callback: Jose -> buscar_producto
[2026-06-13 15:35:15] Jose: cable
[2026-06-13 15:47:01] Bot iniciado en modo continuo
[2026-06-13 15:47:01] Escuchando mensajes en @piccavzlabot
[2026-06-13 15:47:51] Jose: hola
[2026-06-13 15:47:53] Respuesta enviada a Jose
[2026-06-13 15:48:12] Jose: cable para sensor m8
[2026-06-13 15:48:13] Respuesta enviada a Jose
[2026-06-13 15:48:46] Jose: me das mas detalles del producto
[2026-06-13 15:48:47] Respuesta enviada a Jose
[2026-06-13 15:49:41] Jose: metodos de paho
[2026-06-13 15:49:43] Respuesta enviada a Jose
[2026-06-13 15:50:49] Jose: hola
[2026-06-13 15:50:50] Respuesta enviada a Jose
[2026-06-13 15:50:58] Jose: metodo des pago
[2026-06-13 15:51:01] Respuesta enviada a Jose
[2026-06-13 15:57:08] Bot iniciado en modo continuo
[2026-06-13 15:57:08] Escuchando mensajes en @piccavzlabot
[2026-06-13 16:01:35] Bot iniciado en modo continuo
[2026-06-13 16:01:35] Escuchando mensajes en @piccavzlabot
[2026-06-13 16:02:25] Jose: hola buenas como esta necesito un cable para sensor m8 y una botonera colgante cuales son los metodos de pago
[2026-06-13 16:02:27] Respuesta enviada a Jose
[2026-06-13 16:11:38] Bot iniciado en modo continuo
[2026-06-13 16:11:38] Escuchando mensajes en @piccavzlabot
[2026-06-13 16:12:39] Jose: hola buenas como esta necesito un cable para sensor m8 y una botonera colgante cuales son los metodos de pago
[2026-06-13 16:12:41] Respuesta enviada a Jose
[2026-06-13 16:14:56] Bot iniciado en modo continuo
[2026-06-13 16:14:56] Escuchando mensajes en @piccavzlabot
[2026-06-13 16:15:17] Jose: hola buenas como esta necesito un cable para sensor m8 y una botonera colgante cuales son los metodos de pago
[2026-06-13 16:15:19] Respuesta enviada a Jose
[2026-06-13 16:16:01] Jose: hola buenas como esta necesito saber cuales son sus metodos de pago
[2026-06-13 16:16:03] Respuesta enviada a Jose
[2026-06-13 16:17:13] Jose: hacen envios
[2026-06-13 16:17:15] Respuesta enviada a Jose
[2026-06-13 16:17:40] Jose: jose gregorio
[2026-06-13 16:17:42] Respuesta enviada a Jose
[2026-06-13 16:18:48] Jose: tienen el catalogo
[2026-06-13 16:18:49] Respuesta enviada a Jose
[2026-06-13 16:22:41] Bot iniciado en modo continuo
[2026-06-13 16:22:41] Escuchando mensajes en @piccavzlabot
[2026-06-13 16:23:41] Jose: me pueden enviar el catalogo
[2026-06-13 16:23:44] Respuesta enviada a Jose
[2026-06-13 16:26:34] Bot iniciado en modo continuo
[2026-06-13 16:26:34] Escuchando mensajes en @piccavzlabot
